
2022-12-29 20:26:28,394 INFO  [Log] 
************ Test is started**************
 
2022-12-29 20:26:39,212 INFO  [Log] Add Job Details Test started 
2022-12-29 20:27:08,292 INFO  [Log] Add Job Details Steps ended 
2022-12-29 20:27:08,820 INFO  [Log] 
############   Test is ended ################
 
2022-12-29 20:27:38,331 INFO  [Log] 
************ Test is started**************
 
2022-12-29 20:27:48,876 INFO  [Log] Add Job Details Test started 
2022-12-29 20:28:16,733 INFO  [Log] Add Job Details Steps ended 
2022-12-29 20:28:17,260 INFO  [Log] 
############   Test is ended ################
 
2022-12-29 20:38:04,035 INFO  [Log] 
************ Test is started**************
 
2022-12-29 20:38:33,842 INFO  [Log] 
############   Test is ended ################
 
2022-12-29 20:38:46,657 INFO  [Log] 
************ Test is started**************
 
2022-12-29 20:39:06,280 INFO  [Log] 
############   Test is ended ################
 
2022-12-29 20:39:10,037 INFO  [Log] 
************ Test is started**************
 
2022-12-29 20:39:32,825 INFO  [Log] 
############   Test is ended ################
 
2023-01-01 19:42:19,059 INFO  [Log] 
************ Test is started**************
 
2023-01-01 19:42:36,811 INFO  [Log] 
############   Test is ended ################
 
2023-01-01 19:42:50,236 INFO  [Log] 
************ Test is started**************
 
2023-01-01 19:43:06,465 INFO  [Log] Add Job Details Test started 
2023-01-01 19:43:25,948 INFO  [Log] Add Job Details Steps ended 
2023-01-01 19:43:26,467 INFO  [Log] 
############   Test is ended ################
 
2023-01-01 19:43:52,798 INFO  [Log] 
************ Test is started**************
 
2023-01-01 19:44:03,931 INFO  [Log] Add Job Details Test started 
2023-01-01 19:44:24,653 INFO  [Log] Add Job Details Steps ended 
2023-01-01 19:44:25,166 INFO  [Log] 
############   Test is ended ################
 
2023-01-01 19:47:23,125 INFO  [Log] 
************ Test is started**************
 
2023-01-01 19:47:33,704 INFO  [Log] Add Job Details Test started 
2023-01-01 19:48:03,984 INFO  [Log] Add Job Details Steps ended 
2023-01-01 19:48:04,424 INFO  [Log] 
############   Test is ended ################
 
2023-01-01 19:49:47,778 INFO  [Log] 
************ Test is started**************
 
2023-01-01 19:49:58,260 INFO  [Log] 
############   Test is ended ################
 
2023-01-01 19:50:30,883 INFO  [Log] 
************ Test is started**************
 
2023-01-01 19:50:41,723 INFO  [Log] Add Job Details Test started 
2023-01-01 19:50:45,481 INFO  [Log] 
############   Test is ended ################
 
2023-01-01 19:51:54,080 INFO  [Log] 
************ Test is started**************
 
2023-01-01 19:52:05,694 INFO  [Log] Add Job Details Test started 
2023-01-01 19:52:09,068 INFO  [Log] 
############   Test is ended ################
 
2023-01-01 19:52:55,862 INFO  [Log] 
************ Test is started**************
 
2023-01-01 19:53:06,267 INFO  [Log] Add Job Details Test started 
2023-01-01 19:53:22,113 INFO  [Log] Add Job Details Steps ended 
2023-01-01 19:53:22,591 INFO  [Log] 
############   Test is ended ################
 
2023-01-01 19:54:11,847 INFO  [Log] 
************ Test is started**************
 
2023-01-01 19:54:21,832 INFO  [Log] Add Job Details Test started 
2023-01-01 19:54:25,437 INFO  [Log] 
############   Test is ended ################
 
2023-01-01 19:55:17,560 INFO  [Log] 
************ Test is started**************
 
2023-01-01 19:55:28,450 INFO  [Log] Add Job Details Test started 
2023-01-01 19:55:54,124 INFO  [Log] Add Job Details Steps ended 
2023-01-01 19:55:54,555 INFO  [Log] 
############   Test is ended ################
 
2023-01-01 19:57:37,425 INFO  [Log] 
************ Test is started**************
 
2023-01-01 19:57:48,765 INFO  [Log] Add Job Details Test started 
2023-01-01 19:58:27,094 INFO  [Log] 
************ Test is started**************
 
2023-01-01 19:58:37,593 INFO  [Log] Add Job Details Test started 
2023-01-01 19:58:41,425 INFO  [Log] 
############   Test is ended ################
 
2023-01-01 20:10:05,513 INFO  [Log] 
************ Test is started**************
 
2023-01-01 20:10:17,935 INFO  [Log] Add Job Details Test started 
2023-01-01 20:10:22,014 INFO  [Log] 
############   Test is ended ################
 
2023-01-01 20:14:32,561 INFO  [Log] 
************ Test is started**************
 
2023-01-01 20:14:43,071 INFO  [Log] Add Job Details Test started 
2023-01-01 20:14:46,989 INFO  [Log] 
############   Test is ended ################
 
2023-01-01 20:15:48,863 INFO  [Log] 
************ Test is started**************
 
2023-01-01 20:15:59,758 INFO  [Log] Add Job Details Test started 
2023-01-01 20:16:03,685 INFO  [Log] 
############   Test is ended ################
 
2023-01-01 20:16:13,497 INFO  [Log] 
************ Test is started**************
 
2023-01-01 20:16:24,523 INFO  [Log] Add Job Details Test started 
2023-01-01 20:16:28,417 INFO  [Log] 
############   Test is ended ################
 
2023-01-01 20:16:38,813 INFO  [Log] 
************ Test is started**************
 
2023-01-01 20:16:49,942 INFO  [Log] Add Job Details Test started 
2023-01-01 20:16:53,747 INFO  [Log] 
############   Test is ended ################
 
2023-01-01 20:17:24,021 INFO  [Log] 
************ Test is started**************
 
2023-01-01 20:17:34,496 INFO  [Log] Add Job Details Test started 
2023-01-01 20:17:38,326 INFO  [Log] 
############   Test is ended ################
 
2023-01-01 20:18:18,659 INFO  [Log] 
************ Test is started**************
 
2023-01-01 20:18:28,569 INFO  [Log] Add Job Details Test started 
2023-01-01 20:18:32,527 INFO  [Log] 
############   Test is ended ################
 
2023-01-01 20:18:50,697 INFO  [Log] 
************ Test is started**************
 
2023-01-01 20:19:00,501 INFO  [Log] Add Job Details Test started 
2023-01-01 20:19:04,244 INFO  [Log] 
############   Test is ended ################
 
2023-01-01 20:19:15,497 INFO  [Log] 
************ Test is started**************
 
2023-01-01 20:19:25,556 INFO  [Log] Add Job Details Test started 
2023-01-01 20:19:29,713 INFO  [Log] 
############   Test is ended ################
 
2023-01-01 20:19:59,401 INFO  [Log] 
************ Test is started**************
 
2023-01-01 20:20:09,588 INFO  [Log] Add Job Details Test started 
2023-01-01 20:20:29,215 INFO  [Log] 
############   Test is ended ################
 
2023-01-01 20:21:02,402 INFO  [Log] 
************ Test is started**************
 
2023-01-01 20:21:12,621 INFO  [Log] Add Job Details Test started 
2023-01-01 20:21:31,698 INFO  [Log] 
############   Test is ended ################
 
2023-01-01 20:21:55,284 INFO  [Log] 
************ Test is started**************
 
2023-01-01 20:22:05,735 INFO  [Log] Add Job Details Test started 
2023-01-01 20:22:20,686 INFO  [Log] 
############   Test is ended ################
 
2023-01-01 20:22:51,992 INFO  [Log] 
************ Test is started**************
 
2023-01-01 20:23:05,795 INFO  [Log] Add Job Details Test started 
2023-01-01 20:23:33,024 INFO  [Log] Add Job Details Steps ended 
2023-01-01 20:23:33,536 INFO  [Log] 
############   Test is ended ################
 
2023-01-01 20:24:37,344 INFO  [Log] 
************ Test is started**************
 
2023-01-01 20:24:47,583 INFO  [Log] Add Job Details Test started 
2023-01-01 20:25:10,178 INFO  [Log] Add Job Details Steps ended 
2023-01-01 20:25:10,698 INFO  [Log] 
############   Test is ended ################
 
2023-01-01 20:26:04,584 INFO  [Log] 
************ Test is started**************
 
2023-01-01 20:26:16,034 INFO  [Log] Add Job Details Test started 
2023-01-01 20:26:35,831 INFO  [Log] Add Job Details Steps ended 
2023-01-01 20:26:36,334 INFO  [Log] 
############   Test is ended ################
 
2023-01-01 20:26:50,573 INFO  [Log] 
************ Test is started**************
 
2023-01-01 20:27:01,363 INFO  [Log] Add Job Details Test started 
2023-01-01 20:27:22,338 INFO  [Log] Add Job Details Steps ended 
2023-01-01 20:27:22,818 INFO  [Log] 
############   Test is ended ################
 
2023-01-01 20:30:38,029 INFO  [Log] 
************ Test is started**************
 
2023-01-01 20:30:48,209 INFO  [Log] Add Job Details Test started 
2023-01-01 20:31:06,042 INFO  [Log] Add Job Details Steps ended 
2023-01-01 20:31:06,651 INFO  [Log] 
############   Test is ended ################
 
2023-01-01 20:32:03,234 INFO  [Log] 
************ Test is started**************
 
2023-01-01 20:32:14,017 INFO  [Log] Add Job Details Test started 
2023-01-01 20:32:31,682 INFO  [Log] Add Job Details Steps ended 
2023-01-01 20:32:32,193 INFO  [Log] 
############   Test is ended ################
 
2023-01-01 20:33:12,898 INFO  [Log] 
************ Test is started**************
 
2023-01-01 20:33:23,441 INFO  [Log] Add Job Details Test started 
2023-01-01 20:33:43,917 INFO  [Log] Add Job Details Steps ended 
2023-01-01 20:33:44,582 INFO  [Log] 
############   Test is ended ################
 
